[debug] [2021-10-23T22:24:10.106Z] ----------------------------------------------------------------------
[debug] [2021-10-23T22:24:10.109Z] Command:       /usr/local/bin/node /usr/local/bin/firebase deploy
[debug] [2021-10-23T22:24:10.109Z] CLI Version:   9.21.0
[debug] [2021-10-23T22:24:10.110Z] Platform:      darwin
[debug] [2021-10-23T22:24:10.110Z] Node Version:  v16.11.1
[debug] [2021-10-23T22:24:10.127Z] Time:          Sat Oct 23 2021 23:24:10 GMT+0100 (West Africa Standard Time)
[debug] [2021-10-23T22:24:10.128Z] ----------------------------------------------------------------------
[debug] 
[debug] [2021-10-23T22:24:10.200Z] > command requires scopes: ["email","openid","https://www.googleapis.com/auth/cloudplatformprojects.readonly","https://www.googleapis.com/auth/firebase","https://www.googleapis.com/auth/cloud-platform"]
[debug] [2021-10-23T22:24:10.200Z] > authorizing via signed-in user (jkchishugi@gmail.com)
[debug] [2021-10-23T22:24:10.200Z] [iam] checking project net-ninja-marioplan-b43c9 for permissions ["cloudfunctions.functions.create","cloudfunctions.functions.delete","cloudfunctions.functions.get","cloudfunctions.functions.list","cloudfunctions.functions.update","cloudfunctions.operations.get","firebase.projects.get","firebasehosting.sites.update"]
[debug] [2021-10-23T22:24:10.207Z] > refreshing access token with scopes: ["email","https://www.googleapis.com/auth/cloud-platform","https://www.googleapis.com/auth/cloudplatformprojects.readonly","https://www.googleapis.com/auth/firebase","openid"]
[debug] [2021-10-23T22:24:10.207Z] >>> HTTP REQUEST POST https://www.googleapis.com/oauth2/v3/token  
 <request body omitted>
[debug] [2021-10-23T22:24:10.583Z] <<< HTTP RESPONSE 200 {"expires":"Mon, 01 Jan 1990 00:00:00 GMT","date":"Sat, 23 Oct 2021 22:24:12 GMT","cache-control":"no-cache, no-store, max-age=0, must-revalidate","pragma":"no-cache","content-type":"application/json; charset=utf-8","vary":"X-Origin, Referer, Origin,Accept-Encoding","server":"scaffolding on HTTPServer2","x-xss-protection":"0","x-frame-options":"SAMEORIGIN","x-content-type-options":"nosniff","alt-svc":"h3=\":443\"; ma=2592000,h3-29=\":443\"; ma=2592000,h3-Q050=\":443\"; ma=2592000,h3-Q046=\":443\"; ma=2592000,h3-Q043=\":443\"; ma=2592000","accept-ranges":"none","transfer-encoding":"chunked"}
[debug] [2021-10-23T22:24:10.603Z] >>> HTTP REQUEST POST https://cloudresourcemanager.googleapis.com/v1/projects/net-ninja-marioplan-b43c9:testIamPermissions  
 {"permissions":["cloudfunctions.functions.create","cloudfunctions.functions.delete","cloudfunctions.functions.get","cloudfunctions.functions.list","cloudfunctions.functions.update","cloudfunctions.operations.get","firebase.projects.get","firebasehosting.sites.update"]}
[debug] [2021-10-23T22:24:11.915Z] <<< HTTP RESPONSE 200 {"content-type":"application/json; charset=UTF-8","vary":"X-Origin, Referer, Origin,Accept-Encoding","date":"Sat, 23 Oct 2021 22:24:13 GMT","server":"ESF","cache-control":"private","x-xss-protection":"0","x-frame-options":"SAMEORIGIN","x-content-type-options":"nosniff","server-timing":"gfet4t7; dur=1089","alt-svc":"h3=\":443\"; ma=2592000,h3-29=\":443\"; ma=2592000,h3-Q050=\":443\"; ma=2592000,h3-Q046=\":443\"; ma=2592000,h3-Q043=\":443\"; ma=2592000","accept-ranges":"none","transfer-encoding":"chunked"}
[debug] [2021-10-23T22:24:11.918Z] >>> HTTP REQUEST POST https://iam.googleapis.com/v1/projects/net-ninja-marioplan-b43c9/serviceAccounts/net-ninja-marioplan-b43c9@appspot.gserviceaccount.com:testIamPermissions  
 {"permissions":["iam.serviceAccounts.actAs"]}
[debug] [2021-10-23T22:24:13.213Z] <<< HTTP RESPONSE 200 {"content-type":"application/json; charset=UTF-8","vary":"X-Origin, Referer, Origin,Accept-Encoding","date":"Sat, 23 Oct 2021 22:24:15 GMT","server":"ESF","cache-control":"private","x-xss-protection":"0","x-frame-options":"SAMEORIGIN","x-content-type-options":"nosniff","alt-svc":"h3=\":443\"; ma=2592000,h3-29=\":443\"; ma=2592000,h3-Q050=\":443\"; ma=2592000,h3-Q046=\":443\"; ma=2592000,h3-Q043=\":443\"; ma=2592000","accept-ranges":"none","transfer-encoding":"chunked"}
[debug] [2021-10-23T22:24:13.215Z] > refreshing access token with scopes: []
[debug] [2021-10-23T22:24:13.215Z] >>> HTTP REQUEST POST https://www.googleapis.com/oauth2/v3/token  
 <request body omitted>
[debug] [2021-10-23T22:24:13.452Z] <<< HTTP RESPONSE 200 {"date":"Sat, 23 Oct 2021 22:24:15 GMT","cache-control":"no-cache, no-store, max-age=0, must-revalidate","pragma":"no-cache","expires":"Mon, 01 Jan 1990 00:00:00 GMT","content-type":"application/json; charset=utf-8","vary":"X-Origin, Referer, Origin,Accept-Encoding","server":"scaffolding on HTTPServer2","x-xss-protection":"0","x-frame-options":"SAMEORIGIN","x-content-type-options":"nosniff","alt-svc":"h3=\":443\"; ma=2592000,h3-29=\":443\"; ma=2592000,h3-Q050=\":443\"; ma=2592000,h3-Q046=\":443\"; ma=2592000,h3-Q043=\":443\"; ma=2592000","accept-ranges":"none","transfer-encoding":"chunked"}
[debug] [2021-10-23T22:24:13.474Z] >>> [apiv2][query] GET https://firebase.googleapis.com/v1beta1/projects/net-ninja-marioplan-b43c9 [none]
[debug] [2021-10-23T22:24:13.985Z] <<< [apiv2][status] GET https://firebase.googleapis.com/v1beta1/projects/net-ninja-marioplan-b43c9 200
[debug] [2021-10-23T22:24:13.986Z] <<< [apiv2][body] GET https://firebase.googleapis.com/v1beta1/projects/net-ninja-marioplan-b43c9 {"projectId":"net-ninja-marioplan-b43c9","projectNumber":"358052816656","displayName":"net-ninja-marioplan","name":"projects/net-ninja-marioplan-b43c9","resources":{"hostingSite":"net-ninja-marioplan-b43c9","storageBucket":"net-ninja-marioplan-b43c9.appspot.com","locationId":"us-central"},"state":"ACTIVE"}
[info] 
[info] === Deploying to 'net-ninja-marioplan-b43c9'...
[info] 
[info] i  deploying functions, hosting 
